find: ‘/boot/grub2’: Permission denied
find: ‘/proc/tty/driver’: Permission denied
find: ‘/proc/1/task/1/fd’: Permission denied
find: ‘/proc/1/task/1/fdinfo’: Permission denied
find: ‘/proc/1/task/1/ns’: Permission denied
find: ‘/proc/1/fd’: Permission denied
find: ‘/proc/1/map_files’: Permission denied
find: ‘/proc/1/fdinfo’: Permission denied
find: ‘/proc/1/ns’: Permission denied
find: ‘/proc/2/task/2/fd’: Permission denied
find: ‘/proc/2/task/2/fdinfo’: Permission denied
find: ‘/proc/2/task/2/ns’: Permission denied
find: ‘/proc/2/fd’: Permission denied
find: ‘/proc/2/map_files’: Permission denied
find: ‘/proc/2/fdinfo’: Permission denied
find: ‘/proc/2/ns’: Permission denied
find: ‘/proc/3/task/3/fd’: Permission denied
find: ‘/proc/3/task/3/fdinfo’: Permission denied
find: ‘/proc/3/task/3/ns’: Permission denied
find: ‘/proc/3/fd’: Permission denied
find: ‘/proc/3/map_files’: Permission denied
find: ‘/proc/3/fdinfo’: Permission denied
find: ‘/proc/3/ns’: Permission denied
find: ‘/proc/5/task/5/fd’: Permission denied
find: ‘/proc/5/task/5/fdinfo’: Permission denied
find: ‘/proc/5/task/5/ns’: Permission denied
find: ‘/proc/5/fd’: Permission denied
find: ‘/proc/5/map_files’: Permission denied
find: ‘/proc/5/fdinfo’: Permission denied
find: ‘/proc/5/ns’: Permission denied
find: ‘/proc/7/task/7/fd’: Permission denied
find: ‘/proc/7/task/7/fdinfo’: Permission denied
find: ‘/proc/7/task/7/ns’: Permission denied
find: ‘/proc/7/fd’: Permission denied
find: ‘/proc/7/map_files’: Permission denied
find: ‘/proc/7/fdinfo’: Permission denied
find: ‘/proc/7/ns’: Permission denied
find: ‘/proc/8/task/8/fd’: Permission denied
find: ‘/proc/8/task/8/fdinfo’: Permission denied
find: ‘/proc/8/task/8/ns’: Permission denied
find: ‘/proc/8/fd’: Permission denied
find: ‘/proc/8/map_files’: Permission denied
find: ‘/proc/8/fdinfo’: Permission denied
find: ‘/proc/8/ns’: Permission denied
find: ‘/proc/9/task/9/fd’: Permission denied
find: ‘/proc/9/task/9/fdinfo’: Permission denied
find: ‘/proc/9/task/9/ns’: Permission denied
find: ‘/proc/9/fd’: Permission denied
find: ‘/proc/9/map_files’: Permission denied
find: ‘/proc/9/fdinfo’: Permission denied
find: ‘/proc/9/ns’: Permission denied
find: ‘/proc/10/task/10/fd’: Permission denied
find: ‘/proc/10/task/10/fdinfo’: Permission denied
find: ‘/proc/10/task/10/ns’: Permission denied
find: ‘/proc/10/fd’: Permission denied
find: ‘/proc/10/map_files’: Permission denied
find: ‘/proc/10/fdinfo’: Permission denied
find: ‘/proc/10/ns’: Permission denied
find: ‘/proc/12/task/12/fd’: Permission denied
find: ‘/proc/12/task/12/fdinfo’: Permission denied
find: ‘/proc/12/task/12/ns’: Permission denied
find: ‘/proc/12/fd’: Permission denied
find: ‘/proc/12/map_files’: Permission denied
find: ‘/proc/12/fdinfo’: Permission denied
find: ‘/proc/12/ns’: Permission denied
find: ‘/proc/13/task/13/fd’: Permission denied
find: ‘/proc/13/task/13/fdinfo’: Permission denied
find: ‘/proc/13/task/13/ns’: Permission denied
find: ‘/proc/13/fd’: Permission denied
find: ‘/proc/13/map_files’: Permission denied
find: ‘/proc/13/fdinfo’: Permission denied
find: ‘/proc/13/ns’: Permission denied
find: ‘/proc/14/task/14/fd’: Permission denied
find: ‘/proc/14/task/14/fdinfo’: Permission denied
find: ‘/proc/14/task/14/ns’: Permission denied
find: ‘/proc/14/fd’: Permission denied
find: ‘/proc/14/map_files’: Permission denied
find: ‘/proc/14/fdinfo’: Permission denied
find: ‘/proc/14/ns’: Permission denied
find: ‘/proc/15/task/15/fd’: Permission denied
find: ‘/proc/15/task/15/fdinfo’: Permission denied
find: ‘/proc/15/task/15/ns’: Permission denied
find: ‘/proc/15/fd’: Permission denied
find: ‘/proc/15/map_files’: Permission denied
find: ‘/proc/15/fdinfo’: Permission denied
find: ‘/proc/15/ns’: Permission denied
find: ‘/proc/16/task/16/fd’: Permission denied
find: ‘/proc/16/task/16/fdinfo’: Permission denied
find: ‘/proc/16/task/16/ns’: Permission denied
find: ‘/proc/16/fd’: Permission denied
find: ‘/proc/16/map_files’: Permission denied
find: ‘/proc/16/fdinfo’: Permission denied
find: ‘/proc/16/ns’: Permission denied
find: ‘/proc/17/task/17/fd’: Permission denied
find: ‘/proc/17/task/17/fdinfo’: Permission denied
find: ‘/proc/17/task/17/ns’: Permission denied
find: ‘/proc/17/fd’: Permission denied
find: ‘/proc/17/map_files’: Permission denied
find: ‘/proc/17/fdinfo’: Permission denied
find: ‘/proc/17/ns’: Permission denied
find: ‘/proc/18/task/18/fd’: Permission denied
find: ‘/proc/18/task/18/fdinfo’: Permission denied
find: ‘/proc/18/task/18/ns’: Permission denied
find: ‘/proc/18/fd’: Permission denied
find: ‘/proc/18/map_files’: Permission denied
find: ‘/proc/18/fdinfo’: Permission denied
find: ‘/proc/18/ns’: Permission denied
find: ‘/proc/19/task/19/fd’: Permission denied
find: ‘/proc/19/task/19/fdinfo’: Permission denied
find: ‘/proc/19/task/19/ns’: Permission denied
find: ‘/proc/19/fd’: Permission denied
find: ‘/proc/19/map_files’: Permission denied
find: ‘/proc/19/fdinfo’: Permission denied
find: ‘/proc/19/ns’: Permission denied
find: ‘/proc/25/task/25/fd’: Permission denied
find: ‘/proc/25/task/25/fdinfo’: Permission denied
find: ‘/proc/25/task/25/ns’: Permission denied
find: ‘/proc/25/fd’: Permission denied
find: ‘/proc/25/map_files’: Permission denied
find: ‘/proc/25/fdinfo’: Permission denied
find: ‘/proc/25/ns’: Permission denied
find: ‘/proc/26/task/26/fd’: Permission denied
find: ‘/proc/26/task/26/fdinfo’: Permission denied
find: ‘/proc/26/task/26/ns’: Permission denied
find: ‘/proc/26/fd’: Permission denied
find: ‘/proc/26/map_files’: Permission denied
find: ‘/proc/26/fdinfo’: Permission denied
find: ‘/proc/26/ns’: Permission denied
find: ‘/proc/27/task/27/fd’: Permission denied
find: ‘/proc/27/task/27/fdinfo’: Permission denied
find: ‘/proc/27/task/27/ns’: Permission denied
find: ‘/proc/27/fd’: Permission denied
find: ‘/proc/27/map_files’: Permission denied
find: ‘/proc/27/fdinfo’: Permission denied
find: ‘/proc/27/ns’: Permission denied
find: ‘/proc/28/task/28/fd’: Permission denied
find: ‘/proc/28/task/28/fdinfo’: Permission denied
find: ‘/proc/28/task/28/ns’: Permission denied
find: ‘/proc/28/fd’: Permission denied
find: ‘/proc/28/map_files’: Permission denied
find: ‘/proc/28/fdinfo’: Permission denied
find: ‘/proc/28/ns’: Permission denied
find: ‘/proc/36/task/36/fd’: Permission denied
find: ‘/proc/36/task/36/fdinfo’: Permission denied
find: ‘/proc/36/task/36/ns’: Permission denied
find: ‘/proc/36/fd’: Permission denied
find: ‘/proc/36/map_files’: Permission denied
find: ‘/proc/36/fdinfo’: Permission denied
find: ‘/proc/36/ns’: Permission denied
find: ‘/proc/38/task/38/fd’: Permission denied
find: ‘/proc/38/task/38/fdinfo’: Permission denied
find: ‘/proc/38/task/38/ns’: Permission denied
find: ‘/proc/38/fd’: Permission denied
find: ‘/proc/38/map_files’: Permission denied
find: ‘/proc/38/fdinfo’: Permission denied
find: ‘/proc/38/ns’: Permission denied
find: ‘/proc/39/task/39/fd’: Permission denied
find: ‘/proc/39/task/39/fdinfo’: Permission denied
find: ‘/proc/39/task/39/ns’: Permission denied
find: ‘/proc/39/fd’: Permission denied
find: ‘/proc/39/map_files’: Permission denied
find: ‘/proc/39/fdinfo’: Permission denied
find: ‘/proc/39/ns’: Permission denied
find: ‘/proc/40/task/40/fd’: Permission denied
find: ‘/proc/40/task/40/fdinfo’: Permission denied
find: ‘/proc/40/task/40/ns’: Permission denied
find: ‘/proc/40/fd’: Permission denied
find: ‘/proc/40/map_files’: Permission denied
find: ‘/proc/40/fdinfo’: Permission denied
find: ‘/proc/40/ns’: Permission denied
find: ‘/proc/60/task/60/fd’: Permission denied
find: ‘/proc/60/task/60/fdinfo’: Permission denied
find: ‘/proc/60/task/60/ns’: Permission denied
find: ‘/proc/60/fd’: Permission denied
find: ‘/proc/60/map_files’: Permission denied
find: ‘/proc/60/fdinfo’: Permission denied
find: ‘/proc/60/ns’: Permission denied
find: ‘/proc/92/task/92/fd’: Permission denied
find: ‘/proc/92/task/92/fdinfo’: Permission denied
find: ‘/proc/92/task/92/ns’: Permission denied
find: ‘/proc/92/fd’: Permission denied
find: ‘/proc/92/map_files’: Permission denied
find: ‘/proc/92/fdinfo’: Permission denied
find: ‘/proc/92/ns’: Permission denied
find: ‘/proc/272/task/272/fd’: Permission denied
find: ‘/proc/272/task/272/fdinfo’: Permission denied
find: ‘/proc/272/task/272/ns’: Permission denied
find: ‘/proc/272/fd’: Permission denied
find: ‘/proc/272/map_files’: Permission denied
find: ‘/proc/272/fdinfo’: Permission denied
find: ‘/proc/272/ns’: Permission denied
find: ‘/proc/282/task/282/fd’: Permission denied
find: ‘/proc/282/task/282/fdinfo’: Permission denied
find: ‘/proc/282/task/282/ns’: Permission denied
find: ‘/proc/282/fd’: Permission denied
find: ‘/proc/282/map_files’: Permission denied
find: ‘/proc/282/fdinfo’: Permission denied
find: ‘/proc/282/ns’: Permission denied
find: ‘/proc/284/task/284/fd’: Permission denied
find: ‘/proc/284/task/284/fdinfo’: Permission denied
find: ‘/proc/284/task/284/ns’: Permission denied
find: ‘/proc/284/fd’: Permission denied
find: ‘/proc/284/map_files’: Permission denied
find: ‘/proc/284/fdinfo’: Permission denied
find: ‘/proc/284/ns’: Permission denied
find: ‘/proc/285/task/285/fd’: Permission denied
find: ‘/proc/285/task/285/fdinfo’: Permission denied
find: ‘/proc/285/task/285/ns’: Permission denied
find: ‘/proc/285/fd’: Permission denied
find: ‘/proc/285/map_files’: Permission denied
find: ‘/proc/285/fdinfo’: Permission denied
find: ‘/proc/285/ns’: Permission denied
find: ‘/proc/286/task/286/fd’: Permission denied
find: ‘/proc/286/task/286/fdinfo’: Permission denied
find: ‘/proc/286/task/286/ns’: Permission denied
find: ‘/proc/286/fd’: Permission denied
find: ‘/proc/286/map_files’: Permission denied
find: ‘/proc/286/fdinfo’: Permission denied
find: ‘/proc/286/ns’: Permission denied
find: ‘/proc/287/task/287/fd’: Permission denied
find: ‘/proc/287/task/287/fdinfo’: Permission denied
find: ‘/proc/287/task/287/ns’: Permission denied
find: ‘/proc/287/fd’: Permission denied
find: ‘/proc/287/map_files’: Permission denied
find: ‘/proc/287/fdinfo’: Permission denied
find: ‘/proc/287/ns’: Permission denied
find: ‘/proc/290/task/290/fd’: Permission denied
find: ‘/proc/290/task/290/fdinfo’: Permission denied
find: ‘/proc/290/task/290/ns’: Permission denied
find: ‘/proc/290/fd’: Permission denied
find: ‘/proc/290/map_files’: Permission denied
find: ‘/proc/290/fdinfo’: Permission denied
find: ‘/proc/290/ns’: Permission denied
find: ‘/proc/291/task/291/fd’: Permission denied
find: ‘/proc/291/task/291/fdinfo’: Permission denied
find: ‘/proc/291/task/291/ns’: Permission denied
find: ‘/proc/291/fd’: Permission denied
find: ‘/proc/291/map_files’: Permission denied
find: ‘/proc/291/fdinfo’: Permission denied
find: ‘/proc/291/ns’: Permission denied
find: ‘/proc/306/task/306/fd’: Permission denied
find: ‘/proc/306/task/306/fdinfo’: Permission denied
find: ‘/proc/306/task/306/ns’: Permission denied
find: ‘/proc/306/fd’: Permission denied
find: ‘/proc/306/map_files’: Permission denied
find: ‘/proc/306/fdinfo’: Permission denied
find: ‘/proc/306/ns’: Permission denied
find: ‘/proc/370/task/370/fd’: Permission denied
find: ‘/proc/370/task/370/fdinfo’: Permission denied
find: ‘/proc/370/task/370/ns’: Permission denied
find: ‘/proc/370/fd’: Permission denied
find: ‘/proc/370/map_files’: Permission denied
find: ‘/proc/370/fdinfo’: Permission denied
find: ‘/proc/370/ns’: Permission denied
find: ‘/proc/371/task/371/fd’: Permission denied
find: ‘/proc/371/task/371/fdinfo’: Permission denied
find: ‘/proc/371/task/371/ns’: Permission denied
find: ‘/proc/371/fd’: Permission denied
find: ‘/proc/371/map_files’: Permission denied
find: ‘/proc/371/fdinfo’: Permission denied
find: ‘/proc/371/ns’: Permission denied
find: ‘/proc/380/task/380/fd’: Permission denied
find: ‘/proc/380/task/380/fdinfo’: Permission denied
find: ‘/proc/380/task/380/ns’: Permission denied
find: ‘/proc/380/fd’: Permission denied
find: ‘/proc/380/map_files’: Permission denied
find: ‘/proc/380/fdinfo’: Permission denied
find: ‘/proc/380/ns’: Permission denied
find: ‘/proc/381/task/381/fd’: Permission denied
find: ‘/proc/381/task/381/fdinfo’: Permission denied
find: ‘/proc/381/task/381/ns’: Permission denied
find: ‘/proc/381/fd’: Permission denied
find: ‘/proc/381/map_files’: Permission denied
find: ‘/proc/381/fdinfo’: Permission denied
find: ‘/proc/381/ns’: Permission denied
find: ‘/proc/395/task/395/fd’: Permission denied
find: ‘/proc/395/task/395/fdinfo’: Permission denied
find: ‘/proc/395/task/395/ns’: Permission denied
find: ‘/proc/395/fd’: Permission denied
find: ‘/proc/395/map_files’: Permission denied
find: ‘/proc/395/fdinfo’: Permission denied
find: ‘/proc/395/ns’: Permission denied
find: ‘/proc/396/task/396/fd’: Permission denied
find: ‘/proc/396/task/396/fdinfo’: Permission denied
find: ‘/proc/396/task/396/ns’: Permission denied
find: ‘/proc/396/fd’: Permission denied
find: ‘/proc/396/map_files’: Permission denied
find: ‘/proc/396/fdinfo’: Permission denied
find: ‘/proc/396/ns’: Permission denied
find: ‘/proc/397/task/397/fd’: Permission denied
find: ‘/proc/397/task/397/fdinfo’: Permission denied
find: ‘/proc/397/task/397/ns’: Permission denied
find: ‘/proc/397/fd’: Permission denied
find: ‘/proc/397/map_files’: Permission denied
find: ‘/proc/397/fdinfo’: Permission denied
find: ‘/proc/397/ns’: Permission denied
find: ‘/proc/398/task/398/fd’: Permission denied
find: ‘/proc/398/task/398/fdinfo’: Permission denied
find: ‘/proc/398/task/398/ns’: Permission denied
find: ‘/proc/398/fd’: Permission denied
find: ‘/proc/398/map_files’: Permission denied
find: ‘/proc/398/fdinfo’: Permission denied
find: ‘/proc/398/ns’: Permission denied
find: ‘/proc/399/task/399/fd’: Permission denied
find: ‘/proc/399/task/399/fdinfo’: Permission denied
find: ‘/proc/399/task/399/ns’: Permission denied
find: ‘/proc/399/fd’: Permission denied
find: ‘/proc/399/map_files’: Permission denied
find: ‘/proc/399/fdinfo’: Permission denied
find: ‘/proc/399/ns’: Permission denied
find: ‘/proc/400/task/400/fd’: Permission denied
find: ‘/proc/400/task/400/fdinfo’: Permission denied
find: ‘/proc/400/task/400/ns’: Permission denied
find: ‘/proc/400/fd’: Permission denied
find: ‘/proc/400/map_files’: Permission denied
find: ‘/proc/400/fdinfo’: Permission denied
find: ‘/proc/400/ns’: Permission denied
find: ‘/proc/401/task/401/fd’: Permission denied
find: ‘/proc/401/task/401/fdinfo’: Permission denied
find: ‘/proc/401/task/401/ns’: Permission denied
find: ‘/proc/401/fd’: Permission denied
find: ‘/proc/401/map_files’: Permission denied
find: ‘/proc/401/fdinfo’: Permission denied
find: ‘/proc/401/ns’: Permission denied
find: ‘/proc/402/task/402/fd’: Permission denied
find: ‘/proc/402/task/402/fdinfo’: Permission denied
find: ‘/proc/402/task/402/ns’: Permission denied
find: ‘/proc/402/fd’: Permission denied
find: ‘/proc/402/map_files’: Permission denied
find: ‘/proc/402/fdinfo’: Permission denied
find: ‘/proc/402/ns’: Permission denied
find: ‘/proc/403/task/403/fd’: Permission denied
find: ‘/proc/403/task/403/fdinfo’: Permission denied
find: ‘/proc/403/task/403/ns’: Permission denied
find: ‘/proc/403/fd’: Permission denied
find: ‘/proc/403/map_files’: Permission denied
find: ‘/proc/403/fdinfo’: Permission denied
find: ‘/proc/403/ns’: Permission denied
find: ‘/proc/404/task/404/fd’: Permission denied
find: ‘/proc/404/task/404/fdinfo’: Permission denied
find: ‘/proc/404/task/404/ns’: Permission denied
find: ‘/proc/404/fd’: Permission denied
find: ‘/proc/404/map_files’: Permission denied
find: ‘/proc/404/fdinfo’: Permission denied
find: ‘/proc/404/ns’: Permission denied
find: ‘/proc/405/task/405/fd’: Permission denied
find: ‘/proc/405/task/405/fdinfo’: Permission denied
find: ‘/proc/405/task/405/ns’: Permission denied
find: ‘/proc/405/fd’: Permission denied
find: ‘/proc/405/map_files’: Permission denied
find: ‘/proc/405/fdinfo’: Permission denied
find: ‘/proc/405/ns’: Permission denied
find: ‘/proc/475/task/475/fd’: Permission denied
find: ‘/proc/475/task/475/fdinfo’: Permission denied
find: ‘/proc/475/task/475/ns’: Permission denied
find: ‘/proc/475/fd’: Permission denied
find: ‘/proc/475/map_files’: Permission denied
find: ‘/proc/475/fdinfo’: Permission denied
find: ‘/proc/475/ns’: Permission denied
find: ‘/proc/498/task/498/fd’: Permission denied
find: ‘/proc/498/task/498/fdinfo’: Permission denied
find: ‘/proc/498/task/498/ns’: Permission denied
find: ‘/proc/498/fd’: Permission denied
find: ‘/proc/498/map_files’: Permission denied
find: ‘/proc/498/fdinfo’: Permission denied
find: ‘/proc/498/ns’: Permission denied
find: ‘/proc/500/task/500/fd’: Permission denied
find: ‘/proc/500/task/500/fdinfo’: Permission denied
find: ‘/proc/500/task/500/ns’: Permission denied
find: ‘/proc/500/fd’: Permission denied
find: ‘/proc/500/map_files’: Permission denied
find: ‘/proc/500/fdinfo’: Permission denied
find: ‘/proc/500/ns’: Permission denied
find: ‘/proc/501/task/501/fd’: Permission denied
find: ‘/proc/501/task/501/fdinfo’: Permission denied
find: ‘/proc/501/task/501/ns’: Permission denied
find: ‘/proc/501/fd’: Permission denied
find: ‘/proc/501/map_files’: Permission denied
find: ‘/proc/501/fdinfo’: Permission denied
find: ‘/proc/501/ns’: Permission denied
find: ‘/proc/508/task/508/fd’: Permission denied
find: ‘/proc/508/task/508/fdinfo’: Permission denied
find: ‘/proc/508/task/508/ns’: Permission denied
find: ‘/proc/508/fd’: Permission denied
find: ‘/proc/508/map_files’: Permission denied
find: ‘/proc/508/fdinfo’: Permission denied
find: ‘/proc/508/ns’: Permission denied
find: ‘/proc/592/task/592/fd’: Permission denied
find: ‘/proc/592/task/592/fdinfo’: Permission denied
find: ‘/proc/592/task/592/ns’: Permission denied
find: ‘/proc/592/fd’: Permission denied
find: ‘/proc/592/map_files’: Permission denied
find: ‘/proc/592/fdinfo’: Permission denied
find: ‘/proc/592/ns’: Permission denied
find: ‘/proc/593/task/593/fd’: Permission denied
find: ‘/proc/593/task/593/fdinfo’: Permission denied
find: ‘/proc/593/task/593/ns’: Permission denied
find: ‘/proc/593/fd’: Permission denied
find: ‘/proc/593/map_files’: Permission denied
find: ‘/proc/593/fdinfo’: Permission denied
find: ‘/proc/593/ns’: Permission denied
find: ‘/proc/594/task/594/fd’: Permission denied
find: ‘/proc/594/task/594/fdinfo’: Permission denied
find: ‘/proc/594/task/594/ns’: Permission denied
find: ‘/proc/594/fd’: Permission denied
find: ‘/proc/594/map_files’: Permission denied
find: ‘/proc/594/fdinfo’: Permission denied
find: ‘/proc/594/ns’: Permission denied
find: ‘/proc/595/task/595/fd’: Permission denied
find: ‘/proc/595/task/595/fdinfo’: Permission denied
find: ‘/proc/595/task/595/ns’: Permission denied
find: ‘/proc/595/fd’: Permission denied
find: ‘/proc/595/map_files’: Permission denied
find: ‘/proc/595/fdinfo’: Permission denied
find: ‘/proc/595/ns’: Permission denied
find: ‘/proc/596/task/596/fd’: Permission denied
find: ‘/proc/596/task/596/fdinfo’: Permission denied
find: ‘/proc/596/task/596/ns’: Permission denied
find: ‘/proc/596/fd’: Permission denied
find: ‘/proc/596/map_files’: Permission denied
find: ‘/proc/596/fdinfo’: Permission denied
find: ‘/proc/596/ns’: Permission denied
find: ‘/proc/597/task/597/fd’: Permission denied
find: ‘/proc/597/task/597/fdinfo’: Permission denied
find: ‘/proc/597/task/597/ns’: Permission denied
find: ‘/proc/597/fd’: Permission denied
find: ‘/proc/597/map_files’: Permission denied
find: ‘/proc/597/fdinfo’: Permission denied
find: ‘/proc/597/ns’: Permission denied
find: ‘/proc/598/task/598/fd’: Permission denied
find: ‘/proc/598/task/598/fdinfo’: Permission denied
find: ‘/proc/598/task/598/ns’: Permission denied
find: ‘/proc/598/fd’: Permission denied
find: ‘/proc/598/map_files’: Permission denied
find: ‘/proc/598/fdinfo’: Permission denied
find: ‘/proc/598/ns’: Permission denied
find: ‘/proc/600/task/600/fd’: Permission denied
find: ‘/proc/600/task/600/fdinfo’: Permission denied
find: ‘/proc/600/task/600/ns’: Permission denied
find: ‘/proc/600/fd’: Permission denied
find: ‘/proc/600/map_files’: Permission denied
find: ‘/proc/600/fdinfo’: Permission denied
find: ‘/proc/600/ns’: Permission denied
find: ‘/proc/636/task/636/fd’: Permission denied
find: ‘/proc/636/task/636/fdinfo’: Permission denied
find: ‘/proc/636/task/636/ns’: Permission denied
find: ‘/proc/636/task/637/fd’: Permission denied
find: ‘/proc/636/task/637/fdinfo’: Permission denied
find: ‘/proc/636/task/637/ns’: Permission denied
find: ‘/proc/636/fd’: Permission denied
find: ‘/proc/636/map_files’: Permission denied
find: ‘/proc/636/fdinfo’: Permission denied
find: ‘/proc/636/ns’: Permission denied
find: ‘/proc/638/task/638/fd’: Permission denied
find: ‘/proc/638/task/638/fdinfo’: Permission denied
find: ‘/proc/638/task/638/ns’: Permission denied
find: ‘/proc/638/task/641/fd’: Permission denied
find: ‘/proc/638/task/641/fdinfo’: Permission denied
find: ‘/proc/638/task/641/ns’: Permission denied
find: ‘/proc/638/fd’: Permission denied
find: ‘/proc/638/map_files’: Permission denied
find: ‘/proc/638/fdinfo’: Permission denied
find: ‘/proc/638/ns’: Permission denied
find: ‘/proc/640/task/640/fd’: Permission denied
find: ‘/proc/640/task/640/fdinfo’: Permission denied
find: ‘/proc/640/task/640/ns’: Permission denied
find: ‘/proc/640/fd’: Permission denied
find: ‘/proc/640/map_files’: Permission denied
find: ‘/proc/640/fdinfo’: Permission denied
find: ‘/proc/640/ns’: Permission denied
find: ‘/proc/661/task/661/fd’: Permission denied
find: ‘/proc/661/task/661/fdinfo’: Permission denied
find: ‘/proc/661/task/661/ns’: Permission denied
find: ‘/proc/661/task/669/fd’: Permission denied
find: ‘/proc/661/task/669/fdinfo’: Permission denied
find: ‘/proc/661/task/669/ns’: Permission denied
find: ‘/proc/661/task/693/fd’: Permission denied
find: ‘/proc/661/task/693/fdinfo’: Permission denied
find: ‘/proc/661/task/693/ns’: Permission denied
find: ‘/proc/661/fd’: Permission denied
find: ‘/proc/661/map_files’: Permission denied
find: ‘/proc/661/fdinfo’: Permission denied
find: ‘/proc/661/ns’: Permission denied
find: ‘/proc/662/task/662/fd’: Permission denied
find: ‘/proc/662/task/662/fdinfo’: Permission denied
find: ‘/proc/662/task/662/ns’: Permission denied
find: ‘/proc/662/fd’: Permission denied
find: ‘/proc/662/map_files’: Permission denied
find: ‘/proc/662/fdinfo’: Permission denied
find: ‘/proc/662/ns’: Permission denied
find: ‘/proc/663/task/663/fd’: Permission denied
find: ‘/proc/663/task/663/fdinfo’: Permission denied
find: ‘/proc/663/task/663/ns’: Permission denied
find: ‘/proc/663/fd’: Permission denied
find: ‘/proc/663/map_files’: Permission denied
find: ‘/proc/663/fdinfo’: Permission denied
find: ‘/proc/663/ns’: Permission denied
find: ‘/proc/664/task/664/fd’: Permission denied
find: ‘/proc/664/task/664/fdinfo’: Permission denied
find: ‘/proc/664/task/664/ns’: Permission denied
find: ‘/proc/664/task/665/fd’: Permission denied
find: ‘/proc/664/task/665/fdinfo’: Permission denied
find: ‘/proc/664/task/665/ns’: Permission denied
find: ‘/proc/664/fd’: Permission denied
find: ‘/proc/664/map_files’: Permission denied
find: ‘/proc/664/fdinfo’: Permission denied
find: ‘/proc/664/ns’: Permission denied
find: ‘/proc/667/task/667/fd’: Permission denied
find: ‘/proc/667/task/667/fdinfo’: Permission denied
find: ‘/proc/667/task/667/ns’: Permission denied
find: ‘/proc/667/fd’: Permission denied
find: ‘/proc/667/map_files’: Permission denied
find: ‘/proc/667/fdinfo’: Permission denied
find: ‘/proc/667/ns’: Permission denied
find: ‘/proc/668/task/668/fd’: Permission denied
find: ‘/proc/668/task/668/fdinfo’: Permission denied
find: ‘/proc/668/task/668/ns’: Permission denied
find: ‘/proc/668/task/688/fd’: Permission denied
find: ‘/proc/668/task/688/fdinfo’: Permission denied
find: ‘/proc/668/task/688/ns’: Permission denied
find: ‘/proc/668/task/689/fd’: Permission denied
find: ‘/proc/668/task/689/fdinfo’: Permission denied
find: ‘/proc/668/task/689/ns’: Permission denied
find: ‘/proc/668/fd’: Permission denied
find: ‘/proc/668/map_files’: Permission denied
find: ‘/proc/668/fdinfo’: Permission denied
find: ‘/proc/668/ns’: Permission denied
find: ‘/proc/671/task/671/fd’: Permission denied
find: ‘/proc/671/task/671/fdinfo’: Permission denied
find: ‘/proc/671/task/671/ns’: Permission denied
find: ‘/proc/671/task/713/fd’: Permission denied
find: ‘/proc/671/task/713/fdinfo’: Permission denied
find: ‘/proc/671/task/713/ns’: Permission denied
find: ‘/proc/671/task/717/fd’: Permission denied
find: ‘/proc/671/task/717/fdinfo’: Permission denied
find: ‘/proc/671/task/717/ns’: Permission denied
find: ‘/proc/671/fd’: Permission denied
find: ‘/proc/671/map_files’: Permission denied
find: ‘/proc/671/fdinfo’: Permission denied
find: ‘/proc/671/ns’: Permission denied
find: ‘/proc/676/task/676/fd’: Permission denied
find: ‘/proc/676/task/676/fdinfo’: Permission denied
find: ‘/proc/676/task/676/ns’: Permission denied
find: ‘/proc/676/task/722/fd’: Permission denied
find: ‘/proc/676/task/722/fdinfo’: Permission denied
find: ‘/proc/676/task/722/ns’: Permission denied
find: ‘/proc/676/task/724/fd’: Permission denied
find: ‘/proc/676/task/724/fdinfo’: Permission denied
find: ‘/proc/676/task/724/ns’: Permission denied
find: ‘/proc/676/fd’: Permission denied
find: ‘/proc/676/map_files’: Permission denied
find: ‘/proc/676/fdinfo’: Permission denied
find: ‘/proc/676/ns’: Permission denied
find: ‘/proc/677/task/677/fd’: Permission denied
find: ‘/proc/677/task/677/fdinfo’: Permission denied
find: ‘/proc/677/task/677/ns’: Permission denied
find: ‘/proc/677/fd’: Permission denied
find: ‘/proc/677/map_files’: Permission denied
find: ‘/proc/677/fdinfo’: Permission denied
find: ‘/proc/677/ns’: Permission denied
find: ‘/proc/679/task/679/fd’: Permission denied
find: ‘/proc/679/task/679/fdinfo’: Permission denied
find: ‘/proc/679/task/679/ns’: Permission denied
find: ‘/proc/679/fd’: Permission denied
find: ‘/proc/679/map_files’: Permission denied
find: ‘/proc/679/fdinfo’: Permission denied
find: ‘/proc/679/ns’: Permission denied
find: ‘/proc/680/task/680/fd’: Permission denied
find: ‘/proc/680/task/680/fdinfo’: Permission denied
find: ‘/proc/680/task/680/ns’: Permission denied
find: ‘/proc/680/task/718/fd’: Permission denied
find: ‘/proc/680/task/718/fdinfo’: Permission denied
find: ‘/proc/680/task/718/ns’: Permission denied
find: ‘/proc/680/task/719/fd’: Permission denied
find: ‘/proc/680/task/719/fdinfo’: Permission denied
find: ‘/proc/680/task/719/ns’: Permission denied
find: ‘/proc/680/task/720/fd’: Permission denied
find: ‘/proc/680/task/720/fdinfo’: Permission denied
find: ‘/proc/680/task/720/ns’: Permission denied
find: ‘/proc/680/task/723/fd’: Permission denied
find: ‘/proc/680/task/723/fdinfo’: Permission denied
find: ‘/proc/680/task/723/ns’: Permission denied
find: ‘/proc/680/task/730/fd’: Permission denied
find: ‘/proc/680/task/730/fdinfo’: Permission denied
find: ‘/proc/680/task/730/ns’: Permission denied
find: ‘/proc/680/fd’: Permission denied
find: ‘/proc/680/map_files’: Permission denied
find: ‘/proc/680/fdinfo’: Permission denied
find: ‘/proc/680/ns’: Permission denied
find: ‘/proc/681/task/681/fd’: Permission denied
find: ‘/proc/681/task/681/fdinfo’: Permission denied
find: ‘/proc/681/task/681/ns’: Permission denied
find: ‘/proc/681/fd’: Permission denied
find: ‘/proc/681/map_files’: Permission denied
find: ‘/proc/681/fdinfo’: Permission denied
find: ‘/proc/681/ns’: Permission denied
find: ‘/proc/683/task/683/fd’: Permission denied
find: ‘/proc/683/task/683/fdinfo’: Permission denied
find: ‘/proc/683/task/683/ns’: Permission denied
find: ‘/proc/683/fd’: Permission denied
find: ‘/proc/683/map_files’: Permission denied
find: ‘/proc/683/fdinfo’: Permission denied
find: ‘/proc/683/ns’: Permission denied
find: ‘/proc/684/task/684/fd’: Permission denied
find: ‘/proc/684/task/684/fdinfo’: Permission denied
find: ‘/proc/684/task/684/ns’: Permission denied
find: ‘/proc/684/fd’: Permission denied
find: ‘/proc/684/map_files’: Permission denied
find: ‘/proc/684/fdinfo’: Permission denied
find: ‘/proc/684/ns’: Permission denied
find: ‘/proc/686/task/686/fd’: Permission denied
find: ‘/proc/686/task/686/fdinfo’: Permission denied
find: ‘/proc/686/task/686/ns’: Permission denied
find: ‘/proc/686/fd’: Permission denied
find: ‘/proc/686/map_files’: Permission denied
find: ‘/proc/686/fdinfo’: Permission denied
find: ‘/proc/686/ns’: Permission denied
find: ‘/proc/701/task/701/fd’: Permission denied
find: ‘/proc/701/task/701/fdinfo’: Permission denied
find: ‘/proc/701/task/701/ns’: Permission denied
find: ‘/proc/701/fd’: Permission denied
find: ‘/proc/701/map_files’: Permission denied
find: ‘/proc/701/fdinfo’: Permission denied
find: ‘/proc/701/ns’: Permission denied
find: ‘/proc/708/task/708/fd’: Permission denied
find: ‘/proc/708/task/708/fdinfo’: Permission denied
find: ‘/proc/708/task/708/ns’: Permission denied
find: ‘/proc/708/fd’: Permission denied
find: ‘/proc/708/map_files’: Permission denied
find: ‘/proc/708/fdinfo’: Permission denied
find: ‘/proc/708/ns’: Permission denied
find: ‘/proc/711/task/711/fd’: Permission denied
find: ‘/proc/711/task/711/fdinfo’: Permission denied
find: ‘/proc/711/task/711/ns’: Permission denied
find: ‘/proc/711/fd’: Permission denied
find: ‘/proc/711/map_files’: Permission denied
find: ‘/proc/711/fdinfo’: Permission denied
find: ‘/proc/711/ns’: Permission denied
find: ‘/proc/715/task/715/fd’: Permission denied
find: ‘/proc/715/task/715/fdinfo’: Permission denied
find: ‘/proc/715/task/715/ns’: Permission denied
find: ‘/proc/715/task/725/fd’: Permission denied
find: ‘/proc/715/task/725/fdinfo’: Permission denied
find: ‘/proc/715/task/725/ns’: Permission denied
find: ‘/proc/715/task/726/fd’: Permission denied
find: ‘/proc/715/task/726/fdinfo’: Permission denied
find: ‘/proc/715/task/726/ns’: Permission denied
find: ‘/proc/715/task/727/fd’: Permission denied
find: ‘/proc/715/task/727/fdinfo’: Permission denied
find: ‘/proc/715/task/727/ns’: Permission denied
find: ‘/proc/715/task/728/fd’: Permission denied
find: ‘/proc/715/task/728/fdinfo’: Permission denied
find: ‘/proc/715/task/728/ns’: Permission denied
find: ‘/proc/715/task/729/fd’: Permission denied
find: ‘/proc/715/task/729/fdinfo’: Permission denied
find: ‘/proc/715/task/729/ns’: Permission denied
find: ‘/proc/715/fd’: Permission denied
find: ‘/proc/715/map_files’: Permission denied
find: ‘/proc/715/fdinfo’: Permission denied
find: ‘/proc/715/ns’: Permission denied
find: ‘/proc/732/task/732/fd’: Permission denied
find: ‘/proc/732/task/732/fdinfo’: Permission denied
find: ‘/proc/732/task/732/ns’: Permission denied
find: ‘/proc/732/task/863/fd’: Permission denied
find: ‘/proc/732/task/863/fdinfo’: Permission denied
find: ‘/proc/732/task/863/ns’: Permission denied
find: ‘/proc/732/fd’: Permission denied
find: ‘/proc/732/map_files’: Permission denied
find: ‘/proc/732/fdinfo’: Permission denied
find: ‘/proc/732/ns’: Permission denied
find: ‘/proc/743/task/743/fd’: Permission denied
find: ‘/proc/743/task/743/fdinfo’: Permission denied
find: ‘/proc/743/task/743/ns’: Permission denied
find: ‘/proc/743/task/752/fd’: Permission denied
find: ‘/proc/743/task/752/fdinfo’: Permission denied
find: ‘/proc/743/task/752/ns’: Permission denied
find: ‘/proc/743/task/756/fd’: Permission denied
find: ‘/proc/743/task/756/fdinfo’: Permission denied
find: ‘/proc/743/task/756/ns’: Permission denied
find: ‘/proc/743/fd’: Permission denied
find: ‘/proc/743/map_files’: Permission denied
find: ‘/proc/743/fdinfo’: Permission denied
find: ‘/proc/743/ns’: Permission denied
find: ‘/proc/866/task/866/fd’: Permission denied
find: ‘/proc/866/task/866/fdinfo’: Permission denied
find: ‘/proc/866/task/866/ns’: Permission denied
find: ‘/proc/866/fd’: Permission denied
find: ‘/proc/866/map_files’: Permission denied
find: ‘/proc/866/fdinfo’: Permission denied
find: ‘/proc/866/ns’: Permission denied
find: ‘/proc/1059/task/1059/fd’: Permission denied
find: ‘/proc/1059/task/1059/fdinfo’: Permission denied
find: ‘/proc/1059/task/1059/ns’: Permission denied
find: ‘/proc/1059/fd’: Permission denied
find: ‘/proc/1059/map_files’: Permission denied
find: ‘/proc/1059/fdinfo’: Permission denied
find: ‘/proc/1059/ns’: Permission denied
find: ‘/proc/1060/task/1060/fd’: Permission denied
find: ‘/proc/1060/task/1060/fdinfo’: Permission denied
find: ‘/proc/1060/task/1060/ns’: Permission denied
find: ‘/proc/1060/fd’: Permission denied
find: ‘/proc/1060/map_files’: Permission denied
find: ‘/proc/1060/fdinfo’: Permission denied
find: ‘/proc/1060/ns’: Permission denied
find: ‘/proc/1062/task/1062/fd’: Permission denied
find: ‘/proc/1062/task/1062/fdinfo’: Permission denied
find: ‘/proc/1062/task/1062/ns’: Permission denied
find: ‘/proc/1062/task/1267/fd’: Permission denied
find: ‘/proc/1062/task/1267/fdinfo’: Permission denied
find: ‘/proc/1062/task/1267/ns’: Permission denied
find: ‘/proc/1062/task/1270/fd’: Permission denied
find: ‘/proc/1062/task/1270/fdinfo’: Permission denied
find: ‘/proc/1062/task/1270/ns’: Permission denied
find: ‘/proc/1062/task/1272/fd’: Permission denied
find: ‘/proc/1062/task/1272/fdinfo’: Permission denied
find: ‘/proc/1062/task/1272/ns’: Permission denied
find: ‘/proc/1062/task/1274/fd’: Permission denied
find: ‘/proc/1062/task/1274/fdinfo’: Permission denied
find: ‘/proc/1062/task/1274/ns’: Permission denied
find: ‘/proc/1062/fd’: Permission denied
find: ‘/proc/1062/map_files’: Permission denied
find: ‘/proc/1062/fdinfo’: Permission denied
find: ‘/proc/1062/ns’: Permission denied
find: ‘/proc/1070/task/1070/fd’: Permission denied
find: ‘/proc/1070/task/1070/fdinfo’: Permission denied
find: ‘/proc/1070/task/1070/ns’: Permission denied
find: ‘/proc/1070/task/1090/fd’: Permission denied
find: ‘/proc/1070/task/1090/fdinfo’: Permission denied
find: ‘/proc/1070/task/1090/ns’: Permission denied
find: ‘/proc/1070/task/1091/fd’: Permission denied
find: ‘/proc/1070/task/1091/fdinfo’: Permission denied
find: ‘/proc/1070/task/1091/ns’: Permission denied
find: ‘/proc/1070/task/1092/fd’: Permission denied
find: ‘/proc/1070/task/1092/fdinfo’: Permission denied
find: ‘/proc/1070/task/1092/ns’: Permission denied
find: ‘/proc/1070/task/1093/fd’: Permission denied
find: ‘/proc/1070/task/1093/fdinfo’: Permission denied
find: ‘/proc/1070/task/1093/ns’: Permission denied
find: ‘/proc/1070/task/1094/fd’: Permission denied
find: ‘/proc/1070/task/1094/fdinfo’: Permission denied
find: ‘/proc/1070/task/1094/ns’: Permission denied
find: ‘/proc/1070/task/1095/fd’: Permission denied
find: ‘/proc/1070/task/1095/fdinfo’: Permission denied
find: ‘/proc/1070/task/1095/ns’: Permission denied
find: ‘/proc/1070/task/1096/fd’: Permission denied
find: ‘/proc/1070/task/1096/fdinfo’: Permission denied
find: ‘/proc/1070/task/1096/ns’: Permission denied
find: ‘/proc/1070/task/1097/fd’: Permission denied
find: ‘/proc/1070/task/1097/fdinfo’: Permission denied
find: ‘/proc/1070/task/1097/ns’: Permission denied
find: ‘/proc/1070/task/1098/fd’: Permission denied
find: ‘/proc/1070/task/1098/fdinfo’: Permission denied
find: ‘/proc/1070/task/1098/ns’: Permission denied
find: ‘/proc/1070/task/1099/fd’: Permission denied
find: ‘/proc/1070/task/1099/fdinfo’: Permission denied
find: ‘/proc/1070/task/1099/ns’: Permission denied
find: ‘/proc/1070/task/1127/fd’: Permission denied
find: ‘/proc/1070/task/1127/fdinfo’: Permission denied
find: ‘/proc/1070/task/1127/ns’: Permission denied
find: ‘/proc/1070/task/1128/fd’: Permission denied
find: ‘/proc/1070/task/1128/fdinfo’: Permission denied
find: ‘/proc/1070/task/1128/ns’: Permission denied
find: ‘/proc/1070/task/1129/fd’: Permission denied
find: ‘/proc/1070/task/1129/fdinfo’: Permission denied
find: ‘/proc/1070/task/1129/ns’: Permission denied
find: ‘/proc/1070/task/1147/fd’: Permission denied
find: ‘/proc/1070/task/1147/fdinfo’: Permission denied
find: ‘/proc/1070/task/1147/ns’: Permission denied
find: ‘/proc/1070/task/1148/fd’: Permission denied
find: ‘/proc/1070/task/1148/fdinfo’: Permission denied
find: ‘/proc/1070/task/1148/ns’: Permission denied
find: ‘/proc/1070/fd’: Permission denied
find: ‘/proc/1070/map_files’: Permission denied
find: ‘/proc/1070/fdinfo’: Permission denied
find: ‘/proc/1070/ns’: Permission denied
find: ‘/proc/1086/task/1086/fd’: Permission denied
find: ‘/proc/1086/task/1086/fdinfo’: Permission denied
find: ‘/proc/1086/task/1086/ns’: Permission denied
find: ‘/proc/1086/fd’: Permission denied
find: ‘/proc/1086/map_files’: Permission denied
find: ‘/proc/1086/fdinfo’: Permission denied
find: ‘/proc/1086/ns’: Permission denied
find: ‘/proc/1087/task/1087/fd’: Permission denied
find: ‘/proc/1087/task/1087/fdinfo’: Permission denied
find: ‘/proc/1087/task/1087/ns’: Permission denied
find: ‘/proc/1087/task/1123/fd’: Permission denied
find: ‘/proc/1087/task/1123/fdinfo’: Permission denied
find: ‘/proc/1087/task/1123/ns’: Permission denied
find: ‘/proc/1087/task/1124/fd’: Permission denied
find: ‘/proc/1087/task/1124/fdinfo’: Permission denied
find: ‘/proc/1087/task/1124/ns’: Permission denied
find: ‘/proc/1087/task/1392/fd’: Permission denied
find: ‘/proc/1087/task/1392/fdinfo’: Permission denied
find: ‘/proc/1087/task/1392/ns’: Permission denied
find: ‘/proc/1087/fd’: Permission denied
find: ‘/proc/1087/map_files’: Permission denied
find: ‘/proc/1087/fdinfo’: Permission denied
find: ‘/proc/1087/ns’: Permission denied
find: ‘/proc/1088/task/1088/fd’: Permission denied
find: ‘/proc/1088/task/1088/fdinfo’: Permission denied
find: ‘/proc/1088/task/1088/ns’: Permission denied
find: ‘/proc/1088/fd’: Permission denied
find: ‘/proc/1088/map_files’: Permission denied
find: ‘/proc/1088/fdinfo’: Permission denied
find: ‘/proc/1088/ns’: Permission denied
find: ‘/proc/1337/task/1337/fd’: Permission denied
find: ‘/proc/1337/task/1337/fdinfo’: Permission denied
find: ‘/proc/1337/task/1337/ns’: Permission denied
find: ‘/proc/1337/fd’: Permission denied
find: ‘/proc/1337/map_files’: Permission denied
find: ‘/proc/1337/fdinfo’: Permission denied
find: ‘/proc/1337/ns’: Permission denied
find: ‘/proc/1339/task/1339/fd’: Permission denied
find: ‘/proc/1339/task/1339/fdinfo’: Permission denied
find: ‘/proc/1339/task/1339/ns’: Permission denied
find: ‘/proc/1339/fd’: Permission denied
find: ‘/proc/1339/map_files’: Permission denied
find: ‘/proc/1339/fdinfo’: Permission denied
find: ‘/proc/1339/ns’: Permission denied
find: ‘/proc/1390/task/1390/fd’: Permission denied
find: ‘/proc/1390/task/1390/fdinfo’: Permission denied
find: ‘/proc/1390/task/1390/ns’: Permission denied
find: ‘/proc/1390/fd’: Permission denied
find: ‘/proc/1390/map_files’: Permission denied
find: ‘/proc/1390/fdinfo’: Permission denied
find: ‘/proc/1390/ns’: Permission denied
find: ‘/proc/1396/task/1396/fd’: Permission denied
find: ‘/proc/1396/task/1396/fdinfo’: Permission denied
find: ‘/proc/1396/task/1396/ns’: Permission denied
find: ‘/proc/1396/task/1432/fd’: Permission denied
find: ‘/proc/1396/task/1432/fdinfo’: Permission denied
find: ‘/proc/1396/task/1432/ns’: Permission denied
find: ‘/proc/1396/fd’: Permission denied
find: ‘/proc/1396/map_files’: Permission denied
find: ‘/proc/1396/fdinfo’: Permission denied
find: ‘/proc/1396/ns’: Permission denied
find: ‘/proc/1403/task/1403/fd’: Permission denied
find: ‘/proc/1403/task/1403/fdinfo’: Permission denied
find: ‘/proc/1403/task/1403/ns’: Permission denied
find: ‘/proc/1403/fd’: Permission denied
find: ‘/proc/1403/map_files’: Permission denied
find: ‘/proc/1403/fdinfo’: Permission denied
find: ‘/proc/1403/ns’: Permission denied
find: ‘/proc/1514/task/1514/fd’: Permission denied
find: ‘/proc/1514/task/1514/fdinfo’: Permission denied
find: ‘/proc/1514/task/1514/ns’: Permission denied
find: ‘/proc/1514/task/1515/fd’: Permission denied
find: ‘/proc/1514/task/1515/fdinfo’: Permission denied
find: ‘/proc/1514/task/1515/ns’: Permission denied
find: ‘/proc/1514/task/1516/fd’: Permission denied
find: ‘/proc/1514/task/1516/fdinfo’: Permission denied
find: ‘/proc/1514/task/1516/ns’: Permission denied
find: ‘/proc/1514/fd’: Permission denied
find: ‘/proc/1514/map_files’: Permission denied
find: ‘/proc/1514/fdinfo’: Permission denied
find: ‘/proc/1514/ns’: Permission denied
find: ‘/proc/1559/task/1559/fd’: Permission denied
find: ‘/proc/1559/task/1559/fdinfo’: Permission denied
find: ‘/proc/1559/task/1559/ns’: Permission denied
find: ‘/proc/1559/task/1566/fd’: Permission denied
find: ‘/proc/1559/task/1566/fdinfo’: Permission denied
find: ‘/proc/1559/task/1566/ns’: Permission denied
find: ‘/proc/1559/task/1567/fd’: Permission denied
find: ‘/proc/1559/task/1567/fdinfo’: Permission denied
find: ‘/proc/1559/task/1567/ns’: Permission denied
find: ‘/proc/1559/fd’: Permission denied
find: ‘/proc/1559/map_files’: Permission denied
find: ‘/proc/1559/fdinfo’: Permission denied
find: ‘/proc/1559/ns’: Permission denied
find: ‘/proc/1571/task/1571/fd’: Permission denied
find: ‘/proc/1571/task/1571/fdinfo’: Permission denied
find: ‘/proc/1571/task/1571/ns’: Permission denied
find: ‘/proc/1571/fd’: Permission denied
find: ‘/proc/1571/map_files’: Permission denied
find: ‘/proc/1571/fdinfo’: Permission denied
find: ‘/proc/1571/ns’: Permission denied
find: ‘/proc/1589/task/1589/fd’: Permission denied
find: ‘/proc/1589/task/1589/fdinfo’: Permission denied
find: ‘/proc/1589/task/1589/ns’: Permission denied
find: ‘/proc/1589/task/1595/fd’: Permission denied
find: ‘/proc/1589/task/1595/fdinfo’: Permission denied
find: ‘/proc/1589/task/1595/ns’: Permission denied
find: ‘/proc/1589/task/1597/fd’: Permission denied
find: ‘/proc/1589/task/1597/fdinfo’: Permission denied
find: ‘/proc/1589/task/1597/ns’: Permission denied
find: ‘/proc/1589/fd’: Permission denied
find: ‘/proc/1589/map_files’: Permission denied
find: ‘/proc/1589/fdinfo’: Permission denied
find: ‘/proc/1589/ns’: Permission denied
find: ‘/proc/1674/task/1674/fd’: Permission denied
find: ‘/proc/1674/task/1674/fdinfo’: Permission denied
find: ‘/proc/1674/task/1674/ns’: Permission denied
find: ‘/proc/1674/task/1675/fd’: Permission denied
find: ‘/proc/1674/task/1675/fdinfo’: Permission denied
find: ‘/proc/1674/task/1675/ns’: Permission denied
find: ‘/proc/1674/task/1676/fd’: Permission denied
find: ‘/proc/1674/task/1676/fdinfo’: Permission denied
find: ‘/proc/1674/task/1676/ns’: Permission denied
find: ‘/proc/1674/fd’: Permission denied
find: ‘/proc/1674/map_files’: Permission denied
find: ‘/proc/1674/fdinfo’: Permission denied
find: ‘/proc/1674/ns’: Permission denied
find: ‘/proc/1691/task/1691/fd’: Permission denied
find: ‘/proc/1691/task/1691/fdinfo’: Permission denied
find: ‘/proc/1691/task/1691/ns’: Permission denied
find: ‘/proc/1691/task/1692/fd’: Permission denied
find: ‘/proc/1691/task/1692/fdinfo’: Permission denied
find: ‘/proc/1691/task/1692/ns’: Permission denied
find: ‘/proc/1691/task/1924/fd’: Permission denied
find: ‘/proc/1691/task/1924/fdinfo’: Permission denied
find: ‘/proc/1691/task/1924/ns’: Permission denied
find: ‘/proc/1691/task/1928/fd’: Permission denied
find: ‘/proc/1691/task/1928/fdinfo’: Permission denied
find: ‘/proc/1691/task/1928/ns’: Permission denied
find: ‘/proc/1691/fd’: Permission denied
find: ‘/proc/1691/map_files’: Permission denied
find: ‘/proc/1691/fdinfo’: Permission denied
find: ‘/proc/1691/ns’: Permission denied
find: ‘/proc/1695/task/1695/fd’: Permission denied
find: ‘/proc/1695/task/1695/fdinfo’: Permission denied
find: ‘/proc/1695/task/1695/ns’: Permission denied
find: ‘/proc/1695/task/1696/fd’: Permission denied
find: ‘/proc/1695/task/1696/fdinfo’: Permission denied
find: ‘/proc/1695/task/1696/ns’: Permission denied
find: ‘/proc/1695/task/1706/fd’: Permission denied
find: ‘/proc/1695/task/1706/fdinfo’: Permission denied
find: ‘/proc/1695/task/1706/ns’: Permission denied
find: ‘/proc/1695/fd’: Permission denied
find: ‘/proc/1695/map_files’: Permission denied
find: ‘/proc/1695/fdinfo’: Permission denied
find: ‘/proc/1695/ns’: Permission denied
find: ‘/proc/1698/task/1698/fd’: Permission denied
find: ‘/proc/1698/task/1698/fdinfo’: Permission denied
find: ‘/proc/1698/task/1698/ns’: Permission denied
find: ‘/proc/1698/task/1699/fd’: Permission denied
find: ‘/proc/1698/task/1699/fdinfo’: Permission denied
find: ‘/proc/1698/task/1699/ns’: Permission denied
find: ‘/proc/1698/task/1705/fd’: Permission denied
find: ‘/proc/1698/task/1705/fdinfo’: Permission denied
find: ‘/proc/1698/task/1705/ns’: Permission denied
find: ‘/proc/1698/task/1708/fd’: Permission denied
find: ‘/proc/1698/task/1708/fdinfo’: Permission denied
find: ‘/proc/1698/task/1708/ns’: Permission denied
find: ‘/proc/1698/fd’: Permission denied
find: ‘/proc/1698/map_files’: Permission denied
find: ‘/proc/1698/fdinfo’: Permission denied
find: ‘/proc/1698/ns’: Permission denied
find: ‘/proc/1701/task/1701/fd’: Permission denied
find: ‘/proc/1701/task/1701/fdinfo’: Permission denied
find: ‘/proc/1701/task/1701/ns’: Permission denied
find: ‘/proc/1701/task/1703/fd’: Permission denied
find: ‘/proc/1701/task/1703/fdinfo’: Permission denied
find: ‘/proc/1701/task/1703/ns’: Permission denied
find: ‘/proc/1701/task/1707/fd’: Permission denied
find: ‘/proc/1701/task/1707/fdinfo’: Permission denied
find: ‘/proc/1701/task/1707/ns’: Permission denied
find: ‘/proc/1701/fd’: Permission denied
find: ‘/proc/1701/map_files’: Permission denied
find: ‘/proc/1701/fdinfo’: Permission denied
find: ‘/proc/1701/ns’: Permission denied
find: ‘/proc/1883/task/1883/fd’: Permission denied
find: ‘/proc/1883/task/1883/fdinfo’: Permission denied
find: ‘/proc/1883/task/1883/ns’: Permission denied
find: ‘/proc/1883/fd’: Permission denied
find: ‘/proc/1883/map_files’: Permission denied
find: ‘/proc/1883/fdinfo’: Permission denied
find: ‘/proc/1883/ns’: Permission denied
find: ‘/proc/1984/task/1984/fd’: Permission denied
find: ‘/proc/1984/task/1984/fdinfo’: Permission denied
find: ‘/proc/1984/task/1984/ns’: Permission denied
find: ‘/proc/1984/task/1994/fd’: Permission denied
find: ‘/proc/1984/task/1994/fdinfo’: Permission denied
find: ‘/proc/1984/task/1994/ns’: Permission denied
find: ‘/proc/1984/task/1999/fd’: Permission denied
find: ‘/proc/1984/task/1999/fdinfo’: Permission denied
find: ‘/proc/1984/task/1999/ns’: Permission denied
find: ‘/proc/1984/task/2050/fd’: Permission denied
find: ‘/proc/1984/task/2050/fdinfo’: Permission denied
find: ‘/proc/1984/task/2050/ns’: Permission denied
find: ‘/proc/1984/task/2054/fd’: Permission denied
find: ‘/proc/1984/task/2054/fdinfo’: Permission denied
find: ‘/proc/1984/task/2054/ns’: Permission denied
find: ‘/proc/1984/fd’: Permission denied
find: ‘/proc/1984/map_files’: Permission denied
find: ‘/proc/1984/fdinfo’: Permission denied
find: ‘/proc/1984/ns’: Permission denied
find: ‘/proc/6855/task/6855/fd’: Permission denied
find: ‘/proc/6855/task/6855/fdinfo’: Permission denied
find: ‘/proc/6855/task/6855/ns’: Permission denied
find: ‘/proc/6855/fd’: Permission denied
find: ‘/proc/6855/map_files’: Permission denied
find: ‘/proc/6855/fdinfo’: Permission denied
find: ‘/proc/6855/ns’: Permission denied
find: ‘/proc/8281/task/8281/fd’: Permission denied
find: ‘/proc/8281/task/8281/fdinfo’: Permission denied
find: ‘/proc/8281/task/8281/ns’: Permission denied
find: ‘/proc/8281/fd’: Permission denied
find: ‘/proc/8281/map_files’: Permission denied
find: ‘/proc/8281/fdinfo’: Permission denied
find: ‘/proc/8281/ns’: Permission denied
find: ‘/proc/8715/task/8715/fd’: Permission denied
find: ‘/proc/8715/task/8715/fdinfo’: Permission denied
find: ‘/proc/8715/task/8715/ns’: Permission denied
find: ‘/proc/8715/fd’: Permission denied
find: ‘/proc/8715/map_files’: Permission denied
find: ‘/proc/8715/fdinfo’: Permission denied
find: ‘/proc/8715/ns’: Permission denied
find: ‘/proc/10637/task/10637/fd’: Permission denied
find: ‘/proc/10637/task/10637/fdinfo’: Permission denied
find: ‘/proc/10637/task/10637/ns’: Permission denied
find: ‘/proc/10637/fd’: Permission denied
find: ‘/proc/10637/map_files’: Permission denied
find: ‘/proc/10637/fdinfo’: Permission denied
find: ‘/proc/10637/ns’: Permission denied
find: ‘/proc/12000/task/12000/fd’: Permission denied
find: ‘/proc/12000/task/12000/fdinfo’: Permission denied
find: ‘/proc/12000/task/12000/ns’: Permission denied
find: ‘/proc/12000/fd’: Permission denied
find: ‘/proc/12000/map_files’: Permission denied
find: ‘/proc/12000/fdinfo’: Permission denied
find: ‘/proc/12000/ns’: Permission denied
find: ‘/proc/12165/task/12165/fd’: Permission denied
find: ‘/proc/12165/task/12165/fdinfo’: Permission denied
find: ‘/proc/12165/task/12165/ns’: Permission denied
find: ‘/proc/12165/fd’: Permission denied
find: ‘/proc/12165/map_files’: Permission denied
find: ‘/proc/12165/fdinfo’: Permission denied
find: ‘/proc/12165/ns’: Permission denied
find: ‘/proc/12308/task/12308/fd’: Permission denied
find: ‘/proc/12308/task/12308/fdinfo’: Permission denied
find: ‘/proc/12308/task/12308/ns’: Permission denied
find: ‘/proc/12308/fd’: Permission denied
find: ‘/proc/12308/map_files’: Permission denied
find: ‘/proc/12308/fdinfo’: Permission denied
find: ‘/proc/12308/ns’: Permission denied
find: ‘/proc/12969/task/12969/fd’: Permission denied
find: ‘/proc/12969/task/12969/fdinfo’: Permission denied
find: ‘/proc/12969/task/12969/ns’: Permission denied
find: ‘/proc/12969/fd’: Permission denied
find: ‘/proc/12969/map_files’: Permission denied
find: ‘/proc/12969/fdinfo’: Permission denied
find: ‘/proc/12969/ns’: Permission denied
find: ‘/proc/13011/task/13011/fd’: Permission denied
find: ‘/proc/13011/task/13011/fdinfo’: Permission denied
find: ‘/proc/13011/task/13011/ns’: Permission denied
find: ‘/proc/13011/fd’: Permission denied
find: ‘/proc/13011/map_files’: Permission denied
find: ‘/proc/13011/fdinfo’: Permission denied
find: ‘/proc/13011/ns’: Permission denied
find: ‘/run/udisks2’: Permission denied
find: ‘/run/gdm’: Permission denied
find: ‘/run/firewalld’: Permission denied
find: ‘/run/mdadm’: Permission denied
find: ‘/run/rpcbind’: Permission denied
find: ‘/run/cups/certs’: Permission denied
find: ‘/run/setroubleshoot’: Permission denied
find: ‘/run/user/42’: Permission denied
find: ‘/run/sudo’: Permission denied
find: ‘/run/lvm’: Permission denied
find: ‘/run/lock/iscsi’: Permission denied
find: ‘/run/lock/lvm’: Permission denied
find: ‘/run/systemd/inaccessible’: Permission denied
find: ‘/sys/kernel/debug’: Permission denied
find: ‘/etc/grub.d’: Permission denied
find: ‘/etc/pki/CA/private’: Permission denied
find: ‘/etc/pki/rsyslog’: Permission denied
find: ‘/etc/lvm/archive’: Permission denied
find: ‘/etc/lvm/backup’: Permission denied
find: ‘/etc/lvm/cache’: Permission denied
find: ‘/etc/dhcp’: Permission denied
find: ‘/etc/selinux/targeted/active’: Permission denied
find: ‘/etc/selinux/final’: Permission denied
find: ‘/etc/cups/ssl’: Permission denied
find: ‘/etc/polkit-1/rules.d’: Permission denied
find: ‘/etc/polkit-1/localauthority’: Permission denied
find: ‘/etc/firewalld’: Permission denied
find: ‘/etc/audisp’: Permission denied
find: ‘/etc/audit’: Permission denied
find: ‘/etc/vmware-tools/GuestProxyData/trusted’: Permission denied
find: ‘/etc/ipsec.d’: Permission denied
find: ‘/etc/libvirt’: Permission denied
find: ‘/etc/sudoers.d’: Permission denied
find: ‘/root’: Permission denied
find: ‘/var/tmp/systemd-private-c2a538b8f69047b0a6e4d9a6170fe102-rtkit-daemon.service-ulLBCa’: Permission denied
find: ‘/var/tmp/systemd-private-c2a538b8f69047b0a6e4d9a6170fe102-cups.service-kjWHfC’: Permission denied
find: ‘/var/tmp/systemd-private-c2a538b8f69047b0a6e4d9a6170fe102-colord.service-cq7B7x’: Permission denied
find: ‘/var/tmp/systemd-private-3972f1fbe72c4551a374efa69247f5d5-rtkit-daemon.service-AOUkFq’: Permission denied
find: ‘/var/tmp/systemd-private-3972f1fbe72c4551a374efa69247f5d5-cups.service-EpyNdg’: Permission denied
find: ‘/var/tmp/systemd-private-3972f1fbe72c4551a374efa69247f5d5-colord.service-cnd9X5’: Permission denied
find: ‘/var/lib/yum/history/2019-03-05/1’: Permission denied
find: ‘/var/lib/yum/history/2019-03-05/2’: Permission denied
find: ‘/var/lib/yum/history/2019-03-05/3’: Permission denied
find: ‘/var/lib/yum/history/2019-03-05/4’: Permission denied
find: ‘/var/lib/yum/history/2019-03-05/5’: Permission denied
find: ‘/var/lib/yum/history/2019-03-05/6’: Permission denied
find: ‘/var/lib/yum/history/2019-03-05/7’: Permission denied
find: ‘/var/lib/machines’: Permission denied
find: ‘/var/lib/polkit-1’: Permission denied
find: ‘/var/lib/authconfig’: Permission denied
find: ‘/var/lib/NetworkManager’: Permission denied
find: ‘/var/lib/rpcbind’: Permission denied
find: ‘/var/lib/colord/.cache’: Permission denied
find: ‘/var/lib/samba/private’: Permission denied
find: ‘/var/lib/udisks2’: Permission denied
find: ‘/var/lib/tpm’: Permission denied
find: ‘/var/lib/libvirt/boot’: Permission denied
find: ‘/var/lib/libvirt/filesystems’: Permission denied
find: ‘/var/lib/libvirt/images’: Permission denied
find: ‘/var/lib/libvirt/network’: Permission denied
find: ‘/var/lib/libvirt/qemu’: Permission denied
find: ‘/var/lib/gssproxy/clients’: Permission denied
find: ‘/var/lib/gssproxy/rcache’: Permission denied
find: ‘/var/lib/nfs/statd’: Permission denied
find: ‘/var/lib/setroubleshoot’: Permission denied
find: ‘/var/lib/pulse’: Permission denied
find: ‘/var/lib/gdm’: Permission denied
find: ‘/var/lib/rsyslog’: Permission denied
find: ‘/var/lib/mlocate’: Permission denied
find: ‘/var/lib/postfix’: Permission denied
find: ‘/var/log/samba’: Permission denied
find: ‘/var/log/ppp’: Permission denied
find: ‘/var/log/audit’: Permission denied
find: ‘/var/log/pluto/peer’: Permission denied
find: ‘/var/log/libvirt’: Permission denied
find: ‘/var/log/speech-dispatcher’: Permission denied
find: ‘/var/log/gdm’: Permission denied
find: ‘/var/cache/ldconfig’: Permission denied
find: ‘/var/cache/libvirt’: Permission denied
find: ‘/var/cache/cups’: Permission denied
find: ‘/var/db/sudo’: Permission denied
find: ‘/var/empty/sshd’: Permission denied
find: ‘/var/spool/abrt’: Permission denied
find: ‘/var/spool/abrt-upload’: Permission denied
find: ‘/var/spool/cron’: Permission denied
find: ‘/var/spool/cups’: Permission denied
find: ‘/var/spool/postfix/active’: Permission denied
find: ‘/var/spool/postfix/bounce’: Permission denied
find: ‘/var/spool/postfix/corrupt’: Permission denied
find: ‘/var/spool/postfix/defer’: Permission denied
find: ‘/var/spool/postfix/deferred’: Permission denied
find: ‘/var/spool/postfix/flush’: Permission denied
find: ‘/var/spool/postfix/hold’: Permission denied
find: ‘/var/spool/postfix/incoming’: Permission denied
find: ‘/var/spool/postfix/maildrop’: Permission denied
find: ‘/var/spool/postfix/private’: Permission denied
find: ‘/var/spool/postfix/public’: Permission denied
find: ‘/var/spool/postfix/saved’: Permission denied
find: ‘/var/spool/postfix/trace’: Permission denied
find: ‘/var/spool/at’: Permission denied
find: ‘/tmp/systemd-private-c2a538b8f69047b0a6e4d9a6170fe102-rtkit-daemon.service-B5XW6p’: Permission denied
find: ‘/tmp/systemd-private-c2a538b8f69047b0a6e4d9a6170fe102-cups.service-z6QLVH’: Permission denied
find: ‘/tmp/pulse-3aZwxrgoAJ1L’: Permission denied
find: ‘/tmp/systemd-private-c2a538b8f69047b0a6e4d9a6170fe102-colord.service-Z8XFhL’: Permission denied
find: ‘/tmp/systemd-private-3972f1fbe72c4551a374efa69247f5d5-colord.service-vhwmt3’: Permission denied
find: ‘/tmp/.esd-0’: Permission denied
find: ‘/tmp/tracker-extract-files.0’: Permission denied
find: ‘/tmp/firefox_root’: Permission denied
find: ‘/tmp/net-export’: Permission denied
find: ‘/tmp/VSCode Crashes’: Permission denied
find: ‘/tmp/systemd-private-3972f1fbe72c4551a374efa69247f5d5-cups.service-6LNKLw’: Permission denied
find: ‘/tmp/systemd-private-3972f1fbe72c4551a374efa69247f5d5-rtkit-daemon.service-LFWkQO’: Permission denied
find: ‘/usr/share/polkit-1/rules.d’: Permission denied
find: ‘/usr/libexec/initscripts/legacy-actions/auditd’: Permission denied
